android/app/build/intermediates/manifest_merge_blame_file/debug/manifest-merger-blame-debug-report.txt
1<?xml version="1.0" encoding="utf-8"?>
2<manifest xmlns:android="http://schemas.android.com/apk/res/android"
3    package="com.netflix"
4    android:versionCode="1"
5    android:versionName="1.0" >
6
7    <uses-sdk
8        android:minSdkVersion="16"
9        android:targetSdkVersion="29" />
10
11    <uses-permission android:name="android.permission.SYSTEM_ALERT_WINDOW" />
11-->src/debug/AndroidManifest.xml:5:5-77
11-->src/debug/AndroidManifest.xml:5:22-75
12    <uses-permission android:name="android.permission.INTERNET" /> <!-- Required -->
12-->src/main/AndroidManifest.xml:5:5-67
12-->src/main/AndroidManifest.xml:5:22-64
13    <uses-permission android:name="android.permission.CAMERA" /> <!-- Include this only if you are planning to use the camera roll -->
13-->src/main/AndroidManifest.xml:7:5-65
13-->src/main/AndroidManifest.xml:7:22-62
14    <uses-permission android:name="android.permission.READ_EXTERNAL_STORAGE" />
14-->src/main/AndroidManifest.xml:10:5-80
14-->src/main/AndroidManifest.xml:10:22-77
15    <uses-permission android:name="android.permission.WRITE_EXTERNAL_STORAGE" /> <!-- Include this only if you are planning to use the microphone for video recording -->
15-->src/main/AndroidManifest.xml:11:5-81
15-->src/main/AndroidManifest.xml:11:22-78
16    <uses-permission android:name="android.permission.RECORD_AUDIO" />
16-->src/main/AndroidManifest.xml:14:5-70
16-->src/main/AndroidManifest.xml:14:22-68
17    <uses-permission android:name="android.permission.ACCESS_FINE_LOCATION" />
17-->src/main/AndroidManifest.xml:15:5-79
17-->src/main/AndroidManifest.xml:15:22-76
18    <uses-permission android:name="android.permission.ACCESS_WIFI_STATE" />
18-->[com.facebook.flipper:flipper:0.54.0] AndroidManifest.xml:16:5-76
18-->[com.facebook.flipper:flipper:0.54.0] AndroidManifest.xml:16:22-73
19
20    <uses-feature
20-->[:react-native-camera] AndroidManifest.xml:11:5-13:36
21        android:name="android.hardware.camera"
21-->[:react-native-camera] AndroidManifest.xml:12:9-47
22        android:required="false" />
22-->[:react-native-camera] AndroidManifest.xml:13:9-33
23    <uses-feature
23-->[:react-native-camera] AndroidManifest.xml:14:5-16:36
24        android:name="android.hardware.camera.autofocus"
24-->[:react-native-camera] AndroidManifest.xml:15:9-57
25        android:required="false" />
25-->[:react-native-camera] AndroidManifest.xml:16:9-33
26
27    <uses-permission android:name="android.permission.WAKE_LOCK" />
27-->[:react-native-firebase_messaging] AndroidManifest.xml:12:5-68
27-->[:react-native-firebase_messaging] AndroidManifest.xml:12:22-65
28    <uses-permission android:name="android.permission.ACCESS_NETWORK_STATE" /> <!-- Required by older versions of Google Play services to create IID tokens -->
28-->[:react-native-firebase_messaging] AndroidManifest.xml:13:5-79
28-->[:react-native-firebase_messaging] AndroidManifest.xml:13:22-76
29    <uses-permission android:name="com.google.android.c2dm.permission.RECEIVE" />
29-->[com.google.firebase:firebase-iid:21.0.0] AndroidManifest.xml:26:5-82
29-->[com.google.firebase:firebase-iid:21.0.0] AndroidManifest.xml:26:22-79
30    <uses-permission android:name="com.google.android.finsky.permission.BIND_GET_INSTALL_REFERRER_SERVICE" />
30-->[com.google.android.gms:play-services-measurement:18.0.0] AndroidManifest.xml:26:5-110
30-->[com.google.android.gms:play-services-measurement:18.0.0] AndroidManifest.xml:26:22-107
31
32    <application
32-->src/main/AndroidManifest.xml:20:5-39:19
33        android:name="com.netflix.MainApplication"
33-->src/main/AndroidManifest.xml:21:7-38
34        android:allowBackup="false"
34-->src/main/AndroidManifest.xml:25:7-34
35        android:appComponentFactory="androidx.core.app.CoreComponentFactory"
35-->[androidx.core:core:1.1.0] AndroidManifest.xml:24:18-86
36        android:debuggable="true"
37        android:icon="@mipmap/ic_launcher"
37-->src/main/AndroidManifest.xml:23:7-41
38        android:label="@string/app_name"
38-->src/main/AndroidManifest.xml:22:7-39
39        android:roundIcon="@mipmap/ic_launcher_round"
39-->src/main/AndroidManifest.xml:24:7-52
40        android:theme="@style/AppTheme"
40-->src/main/AndroidManifest.xml:26:7-38
41        android:usesCleartextTraffic="true" >
41-->src/debug/AndroidManifest.xml:7:18-53
42        <activity
42-->src/main/AndroidManifest.xml:27:7-37:18
43            android:name="com.netflix.MainActivity"
43-->src/main/AndroidManifest.xml:28:9-37
44            android:configChanges="keyboard|keyboardHidden|orientation|screenSize|uiMode"
44-->src/main/AndroidManifest.xml:30:9-86
45            android:label="@string/app_name"
45-->src/main/AndroidManifest.xml:29:9-41
46            android:launchMode="singleTask"
46-->src/main/AndroidManifest.xml:31:9-40
47            android:windowSoftInputMode="adjustResize" >
47-->src/main/AndroidManifest.xml:32:9-51
48            <intent-filter>
48-->src/main/AndroidManifest.xml:33:9-36:25
49                <action android:name="android.intent.action.MAIN" />
49-->src/main/AndroidManifest.xml:34:13-65
49-->src/main/AndroidManifest.xml:34:21-62
50
51                <category android:name="android.intent.category.LAUNCHER" />
51-->src/main/AndroidManifest.xml:35:13-73
51-->src/main/AndroidManifest.xml:35:23-70
52            </intent-filter>
53        </activity>
54        <activity android:name="com.facebook.react.devsupport.DevSettingsActivity" />
54-->src/main/AndroidManifest.xml:38:7-84
54-->src/main/AndroidManifest.xml:38:17-81
55
56        <service android:name="io.invertase.firebase.messaging.ReactNativeFirebaseMessagingHeadlessService" />
56-->[:react-native-firebase_messaging] AndroidManifest.xml:16:9-111
56-->[:react-native-firebase_messaging] AndroidManifest.xml:16:18-108
57        <service
57-->[:react-native-firebase_messaging] AndroidManifest.xml:17:9-23:19
58            android:name="io.invertase.firebase.messaging.ReactNativeFirebaseMessagingService"
58-->[:react-native-firebase_messaging] AndroidManifest.xml:18:13-95
59            android:exported="false" >
59-->[:react-native-firebase_messaging] AndroidManifest.xml:19:13-37
60            <intent-filter>
60-->[:react-native-firebase_messaging] AndroidManifest.xml:20:13-22:29
61                <action android:name="com.google.firebase.MESSAGING_EVENT" />
61-->[:react-native-firebase_messaging] AndroidManifest.xml:21:17-78
61-->[:react-native-firebase_messaging] AndroidManifest.xml:21:25-75
62            </intent-filter>
63        </service>
64
65        <receiver
65-->[:react-native-firebase_messaging] AndroidManifest.xml:25:9-32:20
66            android:name="io.invertase.firebase.messaging.ReactNativeFirebaseMessagingReceiver"
66-->[:react-native-firebase_messaging] AndroidManifest.xml:26:13-96
67            android:exported="true"
67-->[:react-native-firebase_messaging] AndroidManifest.xml:27:13-36
68            android:permission="com.google.android.c2dm.permission.SEND" >
68-->[:react-native-firebase_messaging] AndroidManifest.xml:28:13-73
69            <intent-filter>
69-->[:react-native-firebase_messaging] AndroidManifest.xml:29:13-31:29
70                <action android:name="com.google.android.c2dm.intent.RECEIVE" />
70-->[:react-native-firebase_messaging] AndroidManifest.xml:30:17-81
70-->[:react-native-firebase_messaging] AndroidManifest.xml:30:25-78
71            </intent-filter>
72        </receiver>
73
74        <meta-data
74-->[:react-native-firebase_messaging] AndroidManifest.xml:34:9-36:36
75            android:name="firebase_messaging_auto_init_enabled"
75-->[:react-native-firebase_messaging] AndroidManifest.xml:35:13-64
76            android:value="true" />
76-->[:react-native-firebase_messaging] AndroidManifest.xml:36:13-33
77        <meta-data
77-->[:react-native-firebase_messaging] AndroidManifest.xml:37:9-39:32
78            android:name="com.google.firebase.messaging.default_notification_channel_id"
78-->[:react-native-firebase_messaging] AndroidManifest.xml:38:13-89
79            android:value="" />
79-->[:react-native-firebase_messaging] AndroidManifest.xml:39:13-29
80        <meta-data
80-->[:react-native-firebase_messaging] AndroidManifest.xml:40:9-42:47
81            android:name="com.google.firebase.messaging.default_notification_color"
81-->[:react-native-firebase_messaging] AndroidManifest.xml:41:13-84
82            android:resource="@color/white" />
82-->[:react-native-firebase_messaging] AndroidManifest.xml:42:13-44
83        <!--
84             FirebaseMessagingService performs security checks at runtime,
85             but set to not exported to explicitly avoid allowing another app to call it.
86        -->
87        <service
87-->[com.google.firebase:firebase-messaging:21.0.0] AndroidManifest.xml:28:9-35:19
88            android:name="com.google.firebase.messaging.FirebaseMessagingService"
88-->[com.google.firebase:firebase-messaging:21.0.0] AndroidManifest.xml:29:13-82
89            android:directBootAware="true"
89-->[com.google.firebase:firebase-messaging:21.0.0] AndroidManifest.xml:30:13-43
90            android:exported="false" >
90-->[com.google.firebase:firebase-messaging:21.0.0] AndroidManifest.xml:31:13-37
91            <intent-filter android:priority="-500" >
91-->[:react-native-firebase_messaging] AndroidManifest.xml:20:13-22:29
92                <action android:name="com.google.firebase.MESSAGING_EVENT" />
92-->[:react-native-firebase_messaging] AndroidManifest.xml:21:17-78
92-->[:react-native-firebase_messaging] AndroidManifest.xml:21:25-75
93            </intent-filter>
94        </service>
95        <service
95-->[com.google.firebase:firebase-messaging:21.0.0] AndroidManifest.xml:36:9-42:19
96            android:name="com.google.firebase.components.ComponentDiscoveryService"
96-->[com.google.firebase:firebase-messaging:21.0.0] AndroidManifest.xml:37:13-84
97            android:directBootAware="true"
97-->[com.google.firebase:firebase-common:19.4.0] AndroidManifest.xml:35:13-43
98            android:exported="false" >
98-->[com.google.firebase:firebase-messaging:21.0.0] AndroidManifest.xml:38:13-37
99            <meta-data
99-->[com.google.firebase:firebase-messaging:21.0.0] AndroidManifest.xml:39:13-41:85
100                android:name="com.google.firebase.components:com.google.firebase.messaging.FirebaseMessagingRegistrar"
100-->[com.google.firebase:firebase-messaging:21.0.0] AndroidManifest.xml:40:17-119
101                android:value="com.google.firebase.components.ComponentRegistrar" />
101-->[com.google.firebase:firebase-messaging:21.0.0] AndroidManifest.xml:41:17-82
102            <meta-data
102-->[com.google.firebase:firebase-iid:21.0.0] AndroidManifest.xml:32:13-34:85
103                android:name="com.google.firebase.components:com.google.firebase.iid.Registrar"
103-->[com.google.firebase:firebase-iid:21.0.0] AndroidManifest.xml:33:17-96
104                android:value="com.google.firebase.components.ComponentRegistrar" />
104-->[com.google.firebase:firebase-iid:21.0.0] AndroidManifest.xml:34:17-82
105            <meta-data
105-->[com.google.android.gms:play-services-measurement-api:18.0.0] AndroidManifest.xml:30:13-32:85
106                android:name="com.google.firebase.components:com.google.firebase.analytics.connector.internal.AnalyticsConnectorRegistrar"
106-->[com.google.android.gms:play-services-measurement-api:18.0.0] AndroidManifest.xml:31:17-139
107                android:value="com.google.firebase.components.ComponentRegistrar" />
107-->[com.google.android.gms:play-services-measurement-api:18.0.0] AndroidManifest.xml:32:17-82
108            <meta-data
108-->[com.google.firebase:firebase-datatransport:17.0.3] AndroidManifest.xml:28:13-30:85
109                android:name="com.google.firebase.components:com.google.firebase.datatransport.TransportRegistrar"
109-->[com.google.firebase:firebase-datatransport:17.0.3] AndroidManifest.xml:29:17-115
110                android:value="com.google.firebase.components.ComponentRegistrar" />
110-->[com.google.firebase:firebase-datatransport:17.0.3] AndroidManifest.xml:30:17-82
111            <meta-data
111-->[com.google.firebase:firebase-installations:16.3.4] AndroidManifest.xml:18:13-20:85
112                android:name="com.google.firebase.components:com.google.firebase.installations.FirebaseInstallationsRegistrar"
112-->[com.google.firebase:firebase-installations:16.3.4] AndroidManifest.xml:19:17-127
113                android:value="com.google.firebase.components.ComponentRegistrar" />
113-->[com.google.firebase:firebase-installations:16.3.4] AndroidManifest.xml:20:17-82
114        </service>
115
116        <receiver
116-->[com.google.firebase:firebase-iid:21.0.0] AndroidManifest.xml:37:9-44:20
117            android:name="com.google.firebase.iid.FirebaseInstanceIdReceiver"
117-->[com.google.firebase:firebase-iid:21.0.0] AndroidManifest.xml:38:13-78
118            android:exported="true"
118-->[com.google.firebase:firebase-iid:21.0.0] AndroidManifest.xml:39:13-36
119            android:permission="com.google.android.c2dm.permission.SEND" >
119-->[com.google.firebase:firebase-iid:21.0.0] AndroidManifest.xml:40:13-73
120            <intent-filter>
120-->[:react-native-firebase_messaging] AndroidManifest.xml:29:13-31:29
121                <action android:name="com.google.android.c2dm.intent.RECEIVE" />
121-->[:react-native-firebase_messaging] AndroidManifest.xml:30:17-81
121-->[:react-native-firebase_messaging] AndroidManifest.xml:30:25-78
122            </intent-filter>
123        </receiver>
124
125        <provider
125-->[com.google.firebase:firebase-common:19.4.0] AndroidManifest.xml:26:9-31:39
126            android:name="com.google.firebase.provider.FirebaseInitProvider"
126-->[com.google.firebase:firebase-common:19.4.0] AndroidManifest.xml:27:13-77
127            android:authorities="com.netflix.firebaseinitprovider"
127-->[com.google.firebase:firebase-common:19.4.0] AndroidManifest.xml:28:13-72
128            android:directBootAware="true"
128-->[com.google.firebase:firebase-common:19.4.0] AndroidManifest.xml:29:13-43
129            android:exported="false"
129-->[com.google.firebase:firebase-common:19.4.0] AndroidManifest.xml:30:13-37
130            android:initOrder="100" />
130-->[com.google.firebase:firebase-common:19.4.0] AndroidManifest.xml:31:13-36
131
132        <service
132-->[com.google.android.datatransport:transport-backend-cct:2.2.0] AndroidManifest.xml:29:9-35:19
133            android:name="com.google.android.datatransport.runtime.backends.TransportBackendDiscovery"
133-->[com.google.android.datatransport:transport-backend-cct:2.2.0] AndroidManifest.xml:30:13-103
134            android:exported="false" >
134-->[com.google.android.datatransport:transport-backend-cct:2.2.0] AndroidManifest.xml:31:13-37
135            <meta-data
135-->[com.google.android.datatransport:transport-backend-cct:2.2.0] AndroidManifest.xml:32:13-34:39
136                android:name="backend:com.google.android.datatransport.cct.CctBackendFactory"
136-->[com.google.android.datatransport:transport-backend-cct:2.2.0] AndroidManifest.xml:33:17-94
137                android:value="cct" />
137-->[com.google.android.datatransport:transport-backend-cct:2.2.0] AndroidManifest.xml:34:17-36
138        </service>
139        <service
139-->[com.google.android.datatransport:transport-runtime:2.2.0] AndroidManifest.xml:26:9-30:19
140            android:name="com.google.android.datatransport.runtime.scheduling.jobscheduling.JobInfoSchedulerService"
140-->[com.google.android.datatransport:transport-runtime:2.2.0] AndroidManifest.xml:27:13-117
141            android:exported="false"
141-->[com.google.android.datatransport:transport-runtime:2.2.0] AndroidManifest.xml:28:13-37
142            android:permission="android.permission.BIND_JOB_SERVICE" >
142-->[com.google.android.datatransport:transport-runtime:2.2.0] AndroidManifest.xml:29:13-69
143        </service>
144
145        <receiver
145-->[com.google.android.datatransport:transport-runtime:2.2.0] AndroidManifest.xml:32:9-34:40
146            android:name="com.google.android.datatransport.runtime.scheduling.jobscheduling.AlarmManagerSchedulerBroadcastReceiver"
146-->[com.google.android.datatransport:transport-runtime:2.2.0] AndroidManifest.xml:33:13-132
147            android:exported="false" />
147-->[com.google.android.datatransport:transport-runtime:2.2.0] AndroidManifest.xml:34:13-37
148
149        <activity
149-->[com.google.android.gms:play-services-auth:18.1.0] AndroidManifest.xml:23:9-27:75
150            android:name="com.google.android.gms.auth.api.signin.internal.SignInHubActivity"
150-->[com.google.android.gms:play-services-auth:18.1.0] AndroidManifest.xml:24:13-93
151            android:excludeFromRecents="true"
151-->[com.google.android.gms:play-services-auth:18.1.0] AndroidManifest.xml:25:13-46
152            android:exported="false"
152-->[com.google.android.gms:play-services-auth:18.1.0] AndroidManifest.xml:26:13-37
153            android:theme="@android:style/Theme.Translucent.NoTitleBar" />
153-->[com.google.android.gms:play-services-auth:18.1.0] AndroidManifest.xml:27:13-72
154        <!--
155            Service handling Google Sign-In user revocation. For apps that do not integrate with
156            Google Sign-In, this service will never be started.
157        -->
158        <service
158-->[com.google.android.gms:play-services-auth:18.1.0] AndroidManifest.xml:33:9-37:51
159            android:name="com.google.android.gms.auth.api.signin.RevocationBoundService"
159-->[com.google.android.gms:play-services-auth:18.1.0] AndroidManifest.xml:34:13-89
160            android:exported="true"
160-->[com.google.android.gms:play-services-auth:18.1.0] AndroidManifest.xml:35:13-36
161            android:permission="com.google.android.gms.auth.api.signin.permission.REVOCATION_NOTIFICATION"
161-->[com.google.android.gms:play-services-auth:18.1.0] AndroidManifest.xml:36:13-107
162            android:visibleToInstantApps="true" />
162-->[com.google.android.gms:play-services-auth:18.1.0] AndroidManifest.xml:37:13-48
163
164        <activity
164-->[com.google.android.gms:play-services-base:17.1.0] AndroidManifest.xml:23:9-26:75
165            android:name="com.google.android.gms.common.api.GoogleApiActivity"
165-->[com.google.android.gms:play-services-base:17.1.0] AndroidManifest.xml:24:13-79
166            android:exported="false"
166-->[com.google.android.gms:play-services-base:17.1.0] AndroidManifest.xml:25:13-37
167            android:theme="@android:style/Theme.Translucent.NoTitleBar" />
167-->[com.google.android.gms:play-services-base:17.1.0] AndroidManifest.xml:26:13-72
168
169        <receiver
169-->[com.google.android.gms:play-services-measurement:18.0.0] AndroidManifest.xml:29:9-33:20
170            android:name="com.google.android.gms.measurement.AppMeasurementReceiver"
170-->[com.google.android.gms:play-services-measurement:18.0.0] AndroidManifest.xml:30:13-85
171            android:enabled="true"
171-->[com.google.android.gms:play-services-measurement:18.0.0] AndroidManifest.xml:31:13-35
172            android:exported="false" >
172-->[com.google.android.gms:play-services-measurement:18.0.0] AndroidManifest.xml:32:13-37
173        </receiver>
174
175        <service
175-->[com.google.android.gms:play-services-measurement:18.0.0] AndroidManifest.xml:35:9-38:40
176            android:name="com.google.android.gms.measurement.AppMeasurementService"
176-->[com.google.android.gms:play-services-measurement:18.0.0] AndroidManifest.xml:36:13-84
177            android:enabled="true"
177-->[com.google.android.gms:play-services-measurement:18.0.0] AndroidManifest.xml:37:13-35
178            android:exported="false" />
178-->[com.google.android.gms:play-services-measurement:18.0.0] AndroidManifest.xml:38:13-37
179        <service
179-->[com.google.android.gms:play-services-measurement:18.0.0] AndroidManifest.xml:39:9-43:72
180            android:name="com.google.android.gms.measurement.AppMeasurementJobService"
180-->[com.google.android.gms:play-services-measurement:18.0.0] AndroidManifest.xml:40:13-87
181            android:enabled="true"
181-->[com.google.android.gms:play-services-measurement:18.0.0] AndroidManifest.xml:41:13-35
182            android:exported="false"
182-->[com.google.android.gms:play-services-measurement:18.0.0] AndroidManifest.xml:42:13-37
183            android:permission="android.permission.BIND_JOB_SERVICE" />
183-->[com.google.android.gms:play-services-measurement:18.0.0] AndroidManifest.xml:43:13-69
184
185        <meta-data
185-->[com.google.android.gms:play-services-basement:17.1.1] AndroidManifest.xml:23:9-25:69
186            android:name="com.google.android.gms.version"
186-->[com.google.android.gms:play-services-basement:17.1.1] AndroidManifest.xml:24:13-58
187            android:value="@integer/google_play_services_version" />
187-->[com.google.android.gms:play-services-basement:17.1.1] AndroidManifest.xml:25:13-66
188    </application>
189
190</manifest>